<?xml version="1.0" encoding="UTF-8"?>
<robot generator="Robot 6.1.1 (Python 3.12.1 on win32)" generated="20240110 11:02:50.585" rpa="false" schemaversion="4">
<suite id="s1" name="Nav" source="C:\Users\nlb\Workspace\RobotFramework\tests\nav.robot">
<test id="s1-t1" name="Deve esperar tela de confirmação de instalação do Instagram" line="8">
<kw name="Open Test Application" library="base" type="SETUP">
<kw name="Set Appium Timeout" library="AppiumLibrary">
<arg>5</arg>
<doc>Sets the timeout in seconds used by various keywords.</doc>
<status status="PASS" starttime="20240110 11:02:50.705" endtime="20240110 11:02:50.705"/>
</kw>
<kw name="Open Application" library="AppiumLibrary">
<arg>http://127.0.0.1:4723</arg>
<arg>appium:automationName=UiAutomator2</arg>
<arg>platformName=Android</arg>
<arg>deviceName=emulator-5554</arg>
<arg>app=${EXECDIR}/app/apt.apk</arg>
<arg>autoGrantPermissions=true</arg>
<doc>Opens a new application to given Appium server.
Capabilities of appium server, Android and iOS,
Please check https://github.com/appium/appium/blob/master/docs/en/writing-running-appium/server-args.md
| *Option*            | *Man.* | *Description*     |
| remote_url          | Yes    | Appium server url |
| alias               | no     | alias             |
| strict_ssl          | No     | allows you to send commands to an invalid certificate host like a self-signed one. |</doc>
<status status="PASS" starttime="20240110 11:02:50.705" endtime="20240110 11:02:57.110"/>
</kw>
<status status="PASS" starttime="20240110 11:02:50.705" endtime="20240110 11:02:57.110"/>
</kw>
<kw name="Iniciando aplicação" library="base">
<kw name="Click Element" library="AppiumLibrary">
<arg>//android.widget.Button[@resource-id="android:id/button1"]</arg>
<doc>Click element identified by `locator`.</doc>
<msg timestamp="20240110 11:02:57.111" level="INFO">Clicking element '//android.widget.Button[@resource-id="android:id/button1"]'.</msg>
<msg timestamp="20240110 11:02:57.756" level="INFO">xpath criteria: //android.widget.Button[@resource-id="android:id/button1"]</msg>
<status status="PASS" starttime="20240110 11:02:57.110" endtime="20240110 11:02:57.756"/>
</kw>
<kw name="Wait Until Page Contains" library="AppiumLibrary">
<arg>Instagram</arg>
<doc>Waits until `text` appears on current page.</doc>
<status status="PASS" starttime="20240110 11:02:57.756" endtime="20240110 11:02:59.387"/>
</kw>
<status status="PASS" starttime="20240110 11:02:57.110" endtime="20240110 11:02:59.387"/>
</kw>
<kw name="Close Session" library="base" type="TEARDOWN">
<kw name="Close Application" library="AppiumLibrary">
<doc>Closes the current application and also close webdriver session.</doc>
<status status="PASS" starttime="20240110 11:02:59.388" endtime="20240110 11:02:59.654"/>
</kw>
<status status="PASS" starttime="20240110 11:02:59.388" endtime="20240110 11:02:59.655"/>
</kw>
<status status="PASS" starttime="20240110 11:02:50.705" endtime="20240110 11:02:59.655"/>
</test>
<test id="s1-t2" name="Deve cancelar tela de confirmação" line="11">
<kw name="Open Test Application" library="base" type="SETUP">
<kw name="Set Appium Timeout" library="AppiumLibrary">
<arg>5</arg>
<doc>Sets the timeout in seconds used by various keywords.</doc>
<status status="PASS" starttime="20240110 11:02:59.656" endtime="20240110 11:02:59.656"/>
</kw>
<kw name="Open Application" library="AppiumLibrary">
<arg>http://127.0.0.1:4723</arg>
<arg>appium:automationName=UiAutomator2</arg>
<arg>platformName=Android</arg>
<arg>deviceName=emulator-5554</arg>
<arg>app=${EXECDIR}/app/apt.apk</arg>
<arg>autoGrantPermissions=true</arg>
<doc>Opens a new application to given Appium server.
Capabilities of appium server, Android and iOS,
Please check https://github.com/appium/appium/blob/master/docs/en/writing-running-appium/server-args.md
| *Option*            | *Man.* | *Description*     |
| remote_url          | Yes    | Appium server url |
| alias               | no     | alias             |
| strict_ssl          | No     | allows you to send commands to an invalid certificate host like a self-signed one. |</doc>
<status status="PASS" starttime="20240110 11:02:59.656" endtime="20240110 11:03:04.813"/>
</kw>
<status status="PASS" starttime="20240110 11:02:59.656" endtime="20240110 11:03:04.813"/>
</kw>
<kw name="Iniciando aplicação" library="base">
<kw name="Click Element" library="AppiumLibrary">
<arg>//android.widget.Button[@resource-id="android:id/button1"]</arg>
<doc>Click element identified by `locator`.</doc>
<msg timestamp="20240110 11:03:04.814" level="INFO">Clicking element '//android.widget.Button[@resource-id="android:id/button1"]'.</msg>
<msg timestamp="20240110 11:03:05.419" level="INFO">xpath criteria: //android.widget.Button[@resource-id="android:id/button1"]</msg>
<status status="PASS" starttime="20240110 11:03:04.813" endtime="20240110 11:03:05.419"/>
</kw>
<kw name="Wait Until Page Contains" library="AppiumLibrary">
<arg>Instagram</arg>
<doc>Waits until `text` appears on current page.</doc>
<status status="PASS" starttime="20240110 11:03:05.419" endtime="20240110 11:03:07.006"/>
</kw>
<status status="PASS" starttime="20240110 11:03:04.813" endtime="20240110 11:03:07.006"/>
</kw>
<kw name="Click Text" library="AppiumLibrary">
<arg>CANCEL</arg>
<doc>Click text identified by ``text``.</doc>
<msg timestamp="20240110 11:03:07.087" level="INFO">xpath criteria: //*[contains(@text,"CANCEL")]</msg>
<status status="PASS" starttime="20240110 11:03:07.006" endtime="20240110 11:03:07.087"/>
</kw>
<kw name="Wait Until Page Contains" library="AppiumLibrary">
<arg>Newer version available</arg>
<doc>Waits until `text` appears on current page.</doc>
<status status="PASS" starttime="20240110 11:03:07.087" endtime="20240110 11:03:07.586"/>
</kw>
<kw name="Wait Until Element Is Visible" library="AppiumLibrary">
<arg>cm.aptoide.pt:id/app_name</arg>
<doc>Waits until element specified with `locator` is visible.</doc>
<msg timestamp="20240110 11:03:07.929" level="INFO">criteria is cm.aptoide.pt:id/app_name</msg>
<status status="PASS" starttime="20240110 11:03:07.586" endtime="20240110 11:03:07.929"/>
</kw>
<kw name="Wait Until Element Is Visible" library="AppiumLibrary">
<arg>//android.widget.TextView[@resource-id="cm.aptoide.pt:id/app_name"]</arg>
<doc>Waits until element specified with `locator` is visible.</doc>
<msg timestamp="20240110 11:03:08.622" level="INFO">xpath criteria: //android.widget.TextView[@resource-id="cm.aptoide.pt:id/app_name"]</msg>
<status status="PASS" starttime="20240110 11:03:07.929" endtime="20240110 11:03:08.622"/>
</kw>
<kw name="Wait Until Element Is Visible" library="AppiumLibrary">
<arg>id=cm.aptoide.pt:id/other_versions</arg>
<doc>Waits until element specified with `locator` is visible.</doc>
<msg timestamp="20240110 11:03:08.689" level="INFO">criteria is cm.aptoide.pt:id/other_versions</msg>
<status status="PASS" starttime="20240110 11:03:08.622" endtime="20240110 11:03:08.689"/>
</kw>
<kw name="Element Text Should Be" library="AppiumLibrary">
<arg>id=cm.aptoide.pt:id/other_versions</arg>
<arg>Newer version available</arg>
<doc>Verifies element identified by ``locator`` exactly contains text ``expected``.</doc>
<msg timestamp="20240110 11:03:08.690" level="INFO">Verifying element 'id=cm.aptoide.pt:id/other_versions' contains exactly text 'Newer version available'.</msg>
<msg timestamp="20240110 11:03:08.747" level="INFO">criteria is cm.aptoide.pt:id/other_versions</msg>
<status status="PASS" starttime="20240110 11:03:08.689" endtime="20240110 11:03:08.747"/>
</kw>
<kw name="Close Session" library="base" type="TEARDOWN">
<kw name="Close Application" library="AppiumLibrary">
<doc>Closes the current application and also close webdriver session.</doc>
<status status="PASS" starttime="20240110 11:03:08.747" endtime="20240110 11:03:09.026"/>
</kw>
<status status="PASS" starttime="20240110 11:03:08.747" endtime="20240110 11:03:09.026"/>
</kw>
<status status="PASS" starttime="20240110 11:02:59.655" endtime="20240110 11:03:09.026"/>
</test>
<status status="PASS" starttime="20240110 11:02:50.586" endtime="20240110 11:03:09.026"/>
</suite>
<statistics>
<total>
<stat pass="2" fail="0" skip="0">All Tests</stat>
</total>
<tag>
</tag>
<suite>
<stat pass="2" fail="0" skip="0" id="s1" name="Nav">Nav</stat>
</suite>
</statistics>
<errors>
</errors>
</robot>
